<?xml version="1.0" encoding="UTF-8"?>
<testng-results ignored="0" total="14" passed="12" failed="2" skipped="0">
  <reporter-output>
  </reporter-output>
  <suite started-at="2020-08-10T18:28:19 SGT" name="Default suite" finished-at="2020-08-10T18:29:50 SGT" duration-ms="91742">
    <groups>
    </groups>
    <test started-at="2020-08-10T18:28:19 SGT" name="Default test" finished-at="2020-08-10T18:29:50 SGT" duration-ms="91742">
      <class name="AASTestCase.MavenTest.ProductModuleTest">
        <test-method is-config="true" signature="setUP()[pri:0, instance:AASTestCase.MavenTest.ProductModuleTest@1f3f4916]" started-at="2020-08-10T18:28:19 SGT" name="setUP" finished-at="2020-08-10T18:28:23 SGT" duration-ms="4183" status="PASS">
          <reporter-output>
          </reporter-output>
        </test-method> <!-- setUP -->
        <test-method is-config="true" signature="loginTest()[pri:0, instance:AASTestCase.MavenTest.ProductModuleTest@1f3f4916]" started-at="2020-08-10T18:28:23 SGT" name="loginTest" finished-at="2020-08-10T18:28:24 SGT" duration-ms="1666" status="PASS">
          <reporter-output>
          </reporter-output>
        </test-method> <!-- loginTest -->
        <test-method signature="ExtraPTTest01(java.lang.String, java.lang.String, java.lang.String)[pri:0, instance:AASTestCase.MavenTest.ProductModuleTest@1f3f4916]" started-at="2020-08-10T18:28:24 SGT" name="ExtraPTTest01" data-provider="ExtraPTCase" finished-at="2020-08-10T18:28:31 SGT" duration-ms="6797" status="PASS">
          <params>
            <param index="0">
              <value>
                <![CDATA[PIKACHU]]>
              </value>
            </param>
            <param index="1">
              <value>
                <![CDATA[1]]>
              </value>
            </param>
            <param index="2">
              <value>
                <![CDATA[15.5]]>
              </value>
            </param>
          </params>
          <reporter-output>
          </reporter-output>
        </test-method> <!-- ExtraPTTest01 -->
        <test-method signature="ExtraPTTest01(java.lang.String, java.lang.String, java.lang.String)[pri:0, instance:AASTestCase.MavenTest.ProductModuleTest@1f3f4916]" started-at="2020-08-10T18:28:31 SGT" name="ExtraPTTest01" data-provider="ExtraPTCase" finished-at="2020-08-10T18:28:38 SGT" duration-ms="6658" status="PASS">
          <params>
            <param index="0">
              <value>
                <![CDATA[PIKACHU]]>
              </value>
            </param>
            <param index="1">
              <value>
                <![CDATA[2]]>
              </value>
            </param>
            <param index="2">
              <value>
                <![CDATA[15.5]]>
              </value>
            </param>
          </params>
          <reporter-output>
          </reporter-output>
        </test-method> <!-- ExtraPTTest01 -->
        <test-method signature="ExtraPTTest01(java.lang.String, java.lang.String, java.lang.String)[pri:0, instance:AASTestCase.MavenTest.ProductModuleTest@1f3f4916]" started-at="2020-08-10T18:28:38 SGT" name="ExtraPTTest01" data-provider="ExtraPTCase" finished-at="2020-08-10T18:28:45 SGT" duration-ms="6744" status="PASS">
          <params>
            <param index="0">
              <value>
                <![CDATA[PIKACHU]]>
              </value>
            </param>
            <param index="1">
              <value>
                <![CDATA[3]]>
              </value>
            </param>
            <param index="2">
              <value>
                <![CDATA[15.5]]>
              </value>
            </param>
          </params>
          <reporter-output>
          </reporter-output>
        </test-method> <!-- ExtraPTTest01 -->
        <test-method signature="ExtraPTTest01(java.lang.String, java.lang.String, java.lang.String)[pri:0, instance:AASTestCase.MavenTest.ProductModuleTest@1f3f4916]" started-at="2020-08-10T18:28:45 SGT" name="ExtraPTTest01" data-provider="ExtraPTCase" finished-at="2020-08-10T18:28:51 SGT" duration-ms="6669" status="PASS">
          <params>
            <param index="0">
              <value>
                <![CDATA[PIKACHU]]>
              </value>
            </param>
            <param index="1">
              <value>
                <![CDATA[4]]>
              </value>
            </param>
            <param index="2">
              <value>
                <![CDATA[15.5]]>
              </value>
            </param>
          </params>
          <reporter-output>
          </reporter-output>
        </test-method> <!-- ExtraPTTest01 -->
        <test-method signature="ExtraPTTest01(java.lang.String, java.lang.String, java.lang.String)[pri:0, instance:AASTestCase.MavenTest.ProductModuleTest@1f3f4916]" started-at="2020-08-10T18:28:51 SGT" name="ExtraPTTest01" data-provider="ExtraPTCase" finished-at="2020-08-10T18:28:58 SGT" duration-ms="6654" status="PASS">
          <params>
            <param index="0">
              <value>
                <![CDATA[PIKACHU]]>
              </value>
            </param>
            <param index="1">
              <value>
                <![CDATA[5]]>
              </value>
            </param>
            <param index="2">
              <value>
                <![CDATA[15.5]]>
              </value>
            </param>
          </params>
          <reporter-output>
          </reporter-output>
        </test-method> <!-- ExtraPTTest01 -->
        <test-method signature="ExtraPTTest01(java.lang.String, java.lang.String, java.lang.String)[pri:0, instance:AASTestCase.MavenTest.ProductModuleTest@1f3f4916]" started-at="2020-08-10T18:28:58 SGT" name="ExtraPTTest01" data-provider="ExtraPTCase" finished-at="2020-08-10T18:29:03 SGT" duration-ms="4643" status="FAIL">
          <params>
            <param index="0">
              <value>
                <![CDATA[PIKACHU]]>
              </value>
            </param>
            <param index="1">
              <value>
                <![CDATA[6]]>
              </value>
            </param>
            <param index="2">
              <value>
                <![CDATA[15.5]]>
              </value>
            </param>
          </params>
          <exception class="org.openqa.selenium.NoAlertPresentException">
            <message>
              <![CDATA[no such alert
  (Session info: chrome=84.0.4147.105)
Build info: version: '3.141.59', revision: 'e82be7d358', time: '2018-11-14T08:17:03'
System info: host: 'LTP11', ip: '192.168.0.44', os.name: 'Windows 10', os.arch: 'amd64', os.version: '10.0', java.version: '14.0.1'
Driver info: org.openqa.selenium.chrome.ChromeDriver
Capabilities {acceptInsecureCerts: false, browserName: chrome, browserVersion: 84.0.4147.105, chrome: {chromedriverVersion: 83.0.4103.39 (ccbf011cb2d2b..., userDataDir: C:\Users\User\AppData\Local...}, goog:chromeOptions: {debuggerAddress: localhost:49267}, javascriptEnabled: true, networkConnectionEnabled: false, pageLoadStrategy: normal, platform: WINDOWS, platformName: WINDOWS, proxy: Proxy(), setWindowRect: true, strictFileInteractability: false, timeouts: {implicit: 0, pageLoad: 300000, script: 30000}, unhandledPromptBehavior: dismiss and notify, webauthn:virtualAuthenticators: true}
Session ID: 907516f706f123effc2881e1d9ffea21]]>
            </message>
            <full-stacktrace>
              <![CDATA[org.openqa.selenium.NoAlertPresentException: no such alert
  (Session info: chrome=84.0.4147.105)
Build info: version: '3.141.59', revision: 'e82be7d358', time: '2018-11-14T08:17:03'
System info: host: 'LTP11', ip: '192.168.0.44', os.name: 'Windows 10', os.arch: 'amd64', os.version: '10.0', java.version: '14.0.1'
Driver info: org.openqa.selenium.chrome.ChromeDriver
Capabilities {acceptInsecureCerts: false, browserName: chrome, browserVersion: 84.0.4147.105, chrome: {chromedriverVersion: 83.0.4103.39 (ccbf011cb2d2b..., userDataDir: C:\Users\User\AppData\Local...}, goog:chromeOptions: {debuggerAddress: localhost:49267}, javascriptEnabled: true, networkConnectionEnabled: false, pageLoadStrategy: normal, platform: WINDOWS, platformName: WINDOWS, proxy: Proxy(), setWindowRect: true, strictFileInteractability: false, timeouts: {implicit: 0, pageLoad: 300000, script: 30000}, unhandledPromptBehavior: dismiss and notify, webauthn:virtualAuthenticators: true}
Session ID: 907516f706f123effc2881e1d9ffea21
at java.base/jdk.internal.reflect.NativeConstructorAccessorImpl.newInstance0(Native Method)
at java.base/jdk.internal.reflect.NativeConstructorAccessorImpl.newInstance(NativeConstructorAccessorImpl.java:62)
at java.base/jdk.internal.reflect.DelegatingConstructorAccessorImpl.newInstance(DelegatingConstructorAccessorImpl.java:45)
at java.base/java.lang.reflect.Constructor.newInstanceWithCaller(Constructor.java:500)
at java.base/java.lang.reflect.Constructor.newInstance(Constructor.java:481)
at org.openqa.selenium.remote.http.W3CHttpResponseCodec.createException(W3CHttpResponseCodec.java:187)
at org.openqa.selenium.remote.http.W3CHttpResponseCodec.decode(W3CHttpResponseCodec.java:122)
at org.openqa.selenium.remote.http.W3CHttpResponseCodec.decode(W3CHttpResponseCodec.java:49)
at org.openqa.selenium.remote.HttpCommandExecutor.execute(HttpCommandExecutor.java:158)
at org.openqa.selenium.remote.service.DriverCommandExecutor.execute(DriverCommandExecutor.java:83)
at org.openqa.selenium.remote.RemoteWebDriver.execute(RemoteWebDriver.java:552)
at org.openqa.selenium.remote.RemoteWebDriver.execute(RemoteWebDriver.java:609)
at org.openqa.selenium.remote.RemoteWebDriver$RemoteTargetLocator.alert(RemoteWebDriver.java:932)
at AASTestCase.MavenTest.ExtraPTTest.ExtraPT01(ExtraPTTest.java:62)
at AASTestCase.MavenTest.ProductModuleTest.ExtraPTTest01(ProductModuleTest.java:70)
at java.base/jdk.internal.reflect.NativeMethodAccessorImpl.invoke0(Native Method)
at java.base/jdk.internal.reflect.NativeMethodAccessorImpl.invoke(NativeMethodAccessorImpl.java:62)
at java.base/jdk.internal.reflect.DelegatingMethodAccessorImpl.invoke(DelegatingMethodAccessorImpl.java:43)
at java.base/java.lang.reflect.Method.invoke(Method.java:564)
at org.testng.internal.MethodInvocationHelper.invokeMethod(MethodInvocationHelper.java:135)
at org.testng.internal.TestInvoker.invokeMethod(TestInvoker.java:598)
at org.testng.internal.TestInvoker.invokeTestMethod(TestInvoker.java:174)
at org.testng.internal.MethodRunner.runInSequence(MethodRunner.java:46)
at org.testng.internal.TestInvoker$MethodInvocationAgent.invoke(TestInvoker.java:821)
at org.testng.internal.TestInvoker.invokeTestMethods(TestInvoker.java:147)
at org.testng.internal.TestMethodWorker.invokeTestMethods(TestMethodWorker.java:146)
at org.testng.internal.TestMethodWorker.run(TestMethodWorker.java:128)
at java.base/java.util.ArrayList.forEach(ArrayList.java:1510)
at org.testng.TestRunner.privateRun(TestRunner.java:767)
at org.testng.TestRunner.run(TestRunner.java:588)
at org.testng.SuiteRunner.runTest(SuiteRunner.java:384)
at org.testng.SuiteRunner.runSequentially(SuiteRunner.java:378)
at org.testng.SuiteRunner.privateRun(SuiteRunner.java:337)
at org.testng.SuiteRunner.run(SuiteRunner.java:286)
at org.testng.SuiteRunnerWorker.runSuite(SuiteRunnerWorker.java:53)
at org.testng.SuiteRunnerWorker.run(SuiteRunnerWorker.java:96)
at org.testng.TestNG.runSuitesSequentially(TestNG.java:1214)
at org.testng.TestNG.runSuitesLocally(TestNG.java:1136)
at org.testng.TestNG.runSuites(TestNG.java:1066)
at org.testng.TestNG.run(TestNG.java:1034)
at org.testng.remote.AbstractRemoteTestNG.run(AbstractRemoteTestNG.java:115)
at org.testng.remote.RemoteTestNG.initAndRun(RemoteTestNG.java:251)
at org.testng.remote.RemoteTestNG.main(RemoteTestNG.java:77)
]]>
            </full-stacktrace>
          </exception> <!-- org.openqa.selenium.NoAlertPresentException -->
          <reporter-output>
          </reporter-output>
        </test-method> <!-- ExtraPTTest01 -->
        <test-method signature="ExtraPTTest01(java.lang.String, java.lang.String, java.lang.String)[pri:0, instance:AASTestCase.MavenTest.ProductModuleTest@1f3f4916]" started-at="2020-08-10T18:29:03 SGT" name="ExtraPTTest01" data-provider="ExtraPTCase" finished-at="2020-08-10T18:29:04 SGT" duration-ms="1101" status="FAIL">
          <params>
            <param index="0">
              <value>
                <![CDATA[PIKACHU]]>
              </value>
            </param>
            <param index="1">
              <value>
                <![CDATA[7]]>
              </value>
            </param>
            <param index="2">
              <value>
                <![CDATA[15.5]]>
              </value>
            </param>
          </params>
          <exception class="org.openqa.selenium.UnhandledAlertException">
            <message>
              <![CDATA[unexpected alert open: {Alert text : Success}
  (Session info: chrome=84.0.4147.105): Success
Build info: version: '3.141.59', revision: 'e82be7d358', time: '2018-11-14T08:17:03'
System info: host: 'LTP11', ip: '192.168.0.44', os.name: 'Windows 10', os.arch: 'amd64', os.version: '10.0', java.version: '14.0.1'
Driver info: org.openqa.selenium.chrome.ChromeDriver
Capabilities {acceptInsecureCerts: false, browserName: chrome, browserVersion: 84.0.4147.105, chrome: {chromedriverVersion: 83.0.4103.39 (ccbf011cb2d2b..., userDataDir: C:\Users\User\AppData\Local...}, goog:chromeOptions: {debuggerAddress: localhost:49267}, javascriptEnabled: true, networkConnectionEnabled: false, pageLoadStrategy: normal, platform: WINDOWS, platformName: WINDOWS, proxy: Proxy(), setWindowRect: true, strictFileInteractability: false, timeouts: {implicit: 0, pageLoad: 300000, script: 30000}, unhandledPromptBehavior: dismiss and notify, webauthn:virtualAuthenticators: true}
Session ID: 907516f706f123effc2881e1d9ffea21
*** Element info: {Using=xpath, value=//div[contains(@class,'form-group ml-2')]/button}]]>
            </message>
            <full-stacktrace>
              <![CDATA[org.openqa.selenium.UnhandledAlertException: unexpected alert open: {Alert text : Success}
  (Session info: chrome=84.0.4147.105): Success
Build info: version: '3.141.59', revision: 'e82be7d358', time: '2018-11-14T08:17:03'
System info: host: 'LTP11', ip: '192.168.0.44', os.name: 'Windows 10', os.arch: 'amd64', os.version: '10.0', java.version: '14.0.1'
Driver info: org.openqa.selenium.chrome.ChromeDriver
Capabilities {acceptInsecureCerts: false, browserName: chrome, browserVersion: 84.0.4147.105, chrome: {chromedriverVersion: 83.0.4103.39 (ccbf011cb2d2b..., userDataDir: C:\Users\User\AppData\Local...}, goog:chromeOptions: {debuggerAddress: localhost:49267}, javascriptEnabled: true, networkConnectionEnabled: false, pageLoadStrategy: normal, platform: WINDOWS, platformName: WINDOWS, proxy: Proxy(), setWindowRect: true, strictFileInteractability: false, timeouts: {implicit: 0, pageLoad: 300000, script: 30000}, unhandledPromptBehavior: dismiss and notify, webauthn:virtualAuthenticators: true}
Session ID: 907516f706f123effc2881e1d9ffea21
*** Element info: {Using=xpath, value=//div[contains(@class,'form-group ml-2')]/button}
at org.openqa.selenium.remote.http.W3CHttpResponseCodec.decode(W3CHttpResponseCodec.java:120)
at org.openqa.selenium.remote.http.W3CHttpResponseCodec.decode(W3CHttpResponseCodec.java:49)
at org.openqa.selenium.remote.HttpCommandExecutor.execute(HttpCommandExecutor.java:158)
at org.openqa.selenium.remote.service.DriverCommandExecutor.execute(DriverCommandExecutor.java:83)
at org.openqa.selenium.remote.RemoteWebDriver.execute(RemoteWebDriver.java:552)
at org.openqa.selenium.remote.RemoteWebDriver.findElement(RemoteWebDriver.java:323)
at org.openqa.selenium.remote.RemoteWebDriver.findElementByXPath(RemoteWebDriver.java:428)
at org.openqa.selenium.By$ByXPath.findElement(By.java:353)
at org.openqa.selenium.remote.RemoteWebDriver.findElement(RemoteWebDriver.java:315)
at AASTestCase.MavenTest.ExtraPTTest.clickFilter(ExtraPTTest.java:71)
at AASTestCase.MavenTest.ExtraPTTest.ExtraPT01(ExtraPTTest.java:56)
at AASTestCase.MavenTest.ProductModuleTest.ExtraPTTest01(ProductModuleTest.java:70)
at java.base/jdk.internal.reflect.NativeMethodAccessorImpl.invoke0(Native Method)
at java.base/jdk.internal.reflect.NativeMethodAccessorImpl.invoke(NativeMethodAccessorImpl.java:62)
at java.base/jdk.internal.reflect.DelegatingMethodAccessorImpl.invoke(DelegatingMethodAccessorImpl.java:43)
at java.base/java.lang.reflect.Method.invoke(Method.java:564)
at org.testng.internal.MethodInvocationHelper.invokeMethod(MethodInvocationHelper.java:135)
at org.testng.internal.TestInvoker.invokeMethod(TestInvoker.java:598)
at org.testng.internal.TestInvoker.invokeTestMethod(TestInvoker.java:174)
at org.testng.internal.MethodRunner.runInSequence(MethodRunner.java:46)
at org.testng.internal.TestInvoker$MethodInvocationAgent.invoke(TestInvoker.java:821)
at org.testng.internal.TestInvoker.invokeTestMethods(TestInvoker.java:147)
at org.testng.internal.TestMethodWorker.invokeTestMethods(TestMethodWorker.java:146)
at org.testng.internal.TestMethodWorker.run(TestMethodWorker.java:128)
at java.base/java.util.ArrayList.forEach(ArrayList.java:1510)
at org.testng.TestRunner.privateRun(TestRunner.java:767)
at org.testng.TestRunner.run(TestRunner.java:588)
at org.testng.SuiteRunner.runTest(SuiteRunner.java:384)
at org.testng.SuiteRunner.runSequentially(SuiteRunner.java:378)
at org.testng.SuiteRunner.privateRun(SuiteRunner.java:337)
at org.testng.SuiteRunner.run(SuiteRunner.java:286)
at org.testng.SuiteRunnerWorker.runSuite(SuiteRunnerWorker.java:53)
at org.testng.SuiteRunnerWorker.run(SuiteRunnerWorker.java:96)
at org.testng.TestNG.runSuitesSequentially(TestNG.java:1214)
at org.testng.TestNG.runSuitesLocally(TestNG.java:1136)
at org.testng.TestNG.runSuites(TestNG.java:1066)
at org.testng.TestNG.run(TestNG.java:1034)
at org.testng.remote.AbstractRemoteTestNG.run(AbstractRemoteTestNG.java:115)
at org.testng.remote.RemoteTestNG.initAndRun(RemoteTestNG.java:251)
at org.testng.remote.RemoteTestNG.main(RemoteTestNG.java:77)
]]>
            </full-stacktrace>
          </exception> <!-- org.openqa.selenium.UnhandledAlertException -->
          <reporter-output>
          </reporter-output>
        </test-method> <!-- ExtraPTTest01 -->
        <test-method signature="ExtraPTTest01(java.lang.String, java.lang.String, java.lang.String)[pri:0, instance:AASTestCase.MavenTest.ProductModuleTest@1f3f4916]" started-at="2020-08-10T18:29:04 SGT" name="ExtraPTTest01" data-provider="ExtraPTCase" finished-at="2020-08-10T18:29:10 SGT" duration-ms="6663" status="PASS">
          <params>
            <param index="0">
              <value>
                <![CDATA[PIKACHU]]>
              </value>
            </param>
            <param index="1">
              <value>
                <![CDATA[8]]>
              </value>
            </param>
            <param index="2">
              <value>
                <![CDATA[15.5]]>
              </value>
            </param>
          </params>
          <reporter-output>
          </reporter-output>
        </test-method> <!-- ExtraPTTest01 -->
        <test-method signature="ExtraPTTest01(java.lang.String, java.lang.String, java.lang.String)[pri:0, instance:AASTestCase.MavenTest.ProductModuleTest@1f3f4916]" started-at="2020-08-10T18:29:10 SGT" name="ExtraPTTest01" data-provider="ExtraPTCase" finished-at="2020-08-10T18:29:17 SGT" duration-ms="6701" status="PASS">
          <params>
            <param index="0">
              <value>
                <![CDATA[PIKACHU]]>
              </value>
            </param>
            <param index="1">
              <value>
                <![CDATA[9]]>
              </value>
            </param>
            <param index="2">
              <value>
                <![CDATA[15.5]]>
              </value>
            </param>
          </params>
          <reporter-output>
          </reporter-output>
        </test-method> <!-- ExtraPTTest01 -->
        <test-method signature="ExtraPTTest01(java.lang.String, java.lang.String, java.lang.String)[pri:0, instance:AASTestCase.MavenTest.ProductModuleTest@1f3f4916]" started-at="2020-08-10T18:29:17 SGT" name="ExtraPTTest01" data-provider="ExtraPTCase" finished-at="2020-08-10T18:29:24 SGT" duration-ms="6738" status="PASS">
          <params>
            <param index="0">
              <value>
                <![CDATA[PIKACHU]]>
              </value>
            </param>
            <param index="1">
              <value>
                <![CDATA[10]]>
              </value>
            </param>
            <param index="2">
              <value>
                <![CDATA[15.5]]>
              </value>
            </param>
          </params>
          <reporter-output>
          </reporter-output>
        </test-method> <!-- ExtraPTTest01 -->
        <test-method signature="ExtraPTTest01(java.lang.String, java.lang.String, java.lang.String)[pri:0, instance:AASTestCase.MavenTest.ProductModuleTest@1f3f4916]" started-at="2020-08-10T18:29:24 SGT" name="ExtraPTTest01" data-provider="ExtraPTCase" finished-at="2020-08-10T18:29:30 SGT" duration-ms="6599" status="PASS">
          <params>
            <param index="0">
              <value>
                <![CDATA[PIKACHU]]>
              </value>
            </param>
            <param index="1">
              <value>
                <![CDATA[11]]>
              </value>
            </param>
            <param index="2">
              <value>
                <![CDATA[15.5]]>
              </value>
            </param>
          </params>
          <reporter-output>
          </reporter-output>
        </test-method> <!-- ExtraPTTest01 -->
        <test-method signature="ExtraPTTest01(java.lang.String, java.lang.String, java.lang.String)[pri:0, instance:AASTestCase.MavenTest.ProductModuleTest@1f3f4916]" started-at="2020-08-10T18:29:30 SGT" name="ExtraPTTest01" data-provider="ExtraPTCase" finished-at="2020-08-10T18:29:37 SGT" duration-ms="6583" status="PASS">
          <params>
            <param index="0">
              <value>
                <![CDATA[PIKACHU]]>
              </value>
            </param>
            <param index="1">
              <value>
                <![CDATA[12]]>
              </value>
            </param>
            <param index="2">
              <value>
                <![CDATA[15.5]]>
              </value>
            </param>
          </params>
          <reporter-output>
          </reporter-output>
        </test-method> <!-- ExtraPTTest01 -->
        <test-method signature="ExtraPTTest01(java.lang.String, java.lang.String, java.lang.String)[pri:0, instance:AASTestCase.MavenTest.ProductModuleTest@1f3f4916]" started-at="2020-08-10T18:29:37 SGT" name="ExtraPTTest01" data-provider="ExtraPTCase" finished-at="2020-08-10T18:29:44 SGT" duration-ms="6707" status="PASS">
          <params>
            <param index="0">
              <value>
                <![CDATA[PIKACHU]]>
              </value>
            </param>
            <param index="1">
              <value>
                <![CDATA[13]]>
              </value>
            </param>
            <param index="2">
              <value>
                <![CDATA[15.5]]>
              </value>
            </param>
          </params>
          <reporter-output>
          </reporter-output>
        </test-method> <!-- ExtraPTTest01 -->
        <test-method signature="ExtraPTTest01(java.lang.String, java.lang.String, java.lang.String)[pri:0, instance:AASTestCase.MavenTest.ProductModuleTest@1f3f4916]" started-at="2020-08-10T18:29:44 SGT" name="ExtraPTTest01" data-provider="ExtraPTCase" finished-at="2020-08-10T18:29:50 SGT" duration-ms="6590" status="PASS">
          <params>
            <param index="0">
              <value>
                <![CDATA[PIKACHU]]>
              </value>
            </param>
            <param index="1">
              <value>
                <![CDATA[14]]>
              </value>
            </param>
            <param index="2">
              <value>
                <![CDATA[15.5]]>
              </value>
            </param>
          </params>
          <reporter-output>
          </reporter-output>
        </test-method> <!-- ExtraPTTest01 -->
      </class> <!-- AASTestCase.MavenTest.ProductModuleTest -->
    </test> <!-- Default test -->
  </suite> <!-- Default suite -->
</testng-results>
